<?xml version="1.0" encoding="UTF-8"?>
<!-- Generated by org.testng.reporters.JUnitReportReporter -->
<testsuite skipped="0" hostname="IN002GM8" name="actionExample.AmazonTest" tests="1" failures="0" timestamp="2022-12-10T17:06:14 IST" time="1.738" errors="0">
  <testcase name="verifyWishList" time="1.738" classname="actionExample.AmazonTest"/>
  <system-out/>
</testsuite> <!-- actionExample.AmazonTest -->
