<?xml version="1.0" encoding="UTF-8"?>
<!-- Generated by org.testng.reporters.JUnitReportReporter -->
<testsuite skipped="0" hostname="IN002GM8" name="ddtNopCom.ReadDataExample" tests="1" failures="0" timestamp="2022-12-07T17:55:34 IST" time="0.009" errors="0">
  <testcase name="sampleTest" time="0.009" classname="ddtNopCom.ReadDataExample"/>
  <system-out/>
</testsuite> <!-- ddtNopCom.ReadDataExample -->
