<?xml version="1.0" encoding="UTF-8"?>
<!-- Generated by org.testng.reporters.JUnitReportReporter -->
<testsuite skipped="0" hostname="IN002GM8" name="ddtNopCom.NOPCommLoginTest" tests="4" failures="0" timestamp="2022-12-07T18:06:00 IST" time="40.741" errors="0">
  <testcase name="verifyLoginWithInValidUser" time="9.840" classname="ddtNopCom.NOPCommLoginTest"/>
  <system-out/>
  <testcase name="verifyLoginWithInValidUser" time="10.522" classname="ddtNopCom.NOPCommLoginTest"/>
  <system-out/>
  <testcase name="verifyLoginWithInValidUser" time="10.565" classname="ddtNopCom.NOPCommLoginTest"/>
  <system-out/>
  <testcase name="verifyLoginWithInValidUser" time="9.814" classname="ddtNopCom.NOPCommLoginTest"/>
  <system-out/>
</testsuite> <!-- ddtNopCom.NOPCommLoginTest -->
