<?xml version="1.0" encoding="UTF-8"?>
<!-- Generated by org.testng.reporters.JUnitReportReporter -->
<testsuite skipped="0" hostname="IN002GM8" name="ddtNopCom.NOPCommLoginTest" tests="4" failures="0" timestamp="2022-12-08T12:30:33 IST" time="46.213" errors="0">
  <testcase name="verifyLoginWithInValidUser" time="11.427" classname="ddtNopCom.NOPCommLoginTest"/>
  <system-out/>
  <testcase name="verifyLoginWithInValidUser" time="11.182" classname="ddtNopCom.NOPCommLoginTest"/>
  <system-out/>
  <testcase name="verifyLoginWithInValidUser" time="11.403" classname="ddtNopCom.NOPCommLoginTest"/>
  <system-out/>
  <testcase name="verifyLoginWithInValidUser" time="12.201" classname="ddtNopCom.NOPCommLoginTest"/>
  <system-out/>
</testsuite> <!-- ddtNopCom.NOPCommLoginTest -->
