<?xml version="1.0" encoding="UTF-8"?>
<!-- Generated by org.testng.reporters.JUnitReportReporter -->
<testsuite skipped="0" hostname="IN002GM8" name="nopComm.LoginTest" tests="2" failures="0" timestamp="2022-12-08T22:48:44 IST" time="46.367" errors="0">
  <testcase name="verifyLogin" time="22.995" classname="nopComm.LoginTest"/>
  <system-out/>
  <testcase name="verifyLogin" time="23.372" classname="nopComm.LoginTest"/>
  <system-out/>
</testsuite> <!-- nopComm.LoginTest -->
